<?xml version="1.0" encoding="UTF-8"?>
<testng-results ignored="0" total="1" passed="1" failed="0" skipped="0">
  <reporter-output>
  </reporter-output>
  <suite started-at="2022-11-22T18:58:08 EET" name="Default suite" finished-at="2022-11-22T18:58:15 EET" duration-ms="6322">
    <groups>
    </groups>
    <test started-at="2022-11-22T18:58:08 EET" name="Default test" finished-at="2022-11-22T18:58:15 EET" duration-ms="6322">
      <class name="swag_lab3.Sortig_high_to_low">
        <test-method is-config="true" signature="log_in()[pri:0, instance:swag_lab3.Sortig_high_to_low@3c7f66c4]" started-at="2022-11-22T18:58:08 EET" name="log_in" finished-at="2022-11-22T18:58:14 EET" duration-ms="6044" status="PASS">
          <reporter-output>
          </reporter-output>
        </test-method> <!-- log_in -->
        <test-method signature="test_high_to_low()[pri:0, instance:swag_lab3.Sortig_high_to_low@3c7f66c4]" started-at="2022-11-22T18:58:14 EET" name="test_high_to_low" finished-at="2022-11-22T18:58:15 EET" duration-ms="216" status="PASS">
          <reporter-output>
          </reporter-output>
        </test-method> <!-- test_high_to_low -->
      </class> <!-- swag_lab3.Sortig_high_to_low -->
    </test> <!-- Default test -->
  </suite> <!-- Default suite -->
</testng-results>
